TN:
SF:./src/node.js
FN:5,Node
FN:27,(anonymous_2)
FN:38,(anonymous_3)
FN:46,(anonymous_4)
FN:60,(anonymous_5)
FN:105,(anonymous_6)
FN:129,(anonymous_7)
FN:193,(anonymous_8)
FN:220,(anonymous_9)
FN:271,(anonymous_10)
FNF:10
FNH:0
FNDA:0,Node
FNDA:0,(anonymous_2)
FNDA:0,(anonymous_3)
FNDA:0,(anonymous_4)
FNDA:0,(anonymous_5)
FNDA:0,(anonymous_6)
FNDA:0,(anonymous_7)
FNDA:0,(anonymous_8)
FNDA:0,(anonymous_9)
FNDA:0,(anonymous_10)
DA:3,1
DA:5,1
DA:6,0
DA:8,0
DA:9,0
DA:10,0
DA:11,0
DA:12,0
DA:13,0
DA:14,0
DA:16,0
DA:19,1
DA:20,1
DA:21,1
DA:22,1
DA:24,1
DA:25,1
DA:27,1
DA:28,0
DA:30,0
DA:31,0
DA:32,0
DA:33,0
DA:34,0
DA:38,1
DA:39,0
DA:40,0
DA:42,0
DA:46,1
DA:47,0
DA:52,0
DA:53,0
DA:54,0
DA:55,0
DA:60,1
DA:61,0
DA:65,0
DA:67,0
DA:69,0
DA:72,0
DA:75,0
DA:77,0
DA:79,0
DA:82,0
DA:86,0
DA:88,0
DA:90,0
DA:92,0
DA:96,0
DA:97,0
DA:100,0
DA:105,1
DA:106,0
DA:108,0
DA:111,0
DA:112,0
DA:113,0
DA:115,0
DA:118,0
DA:119,0
DA:121,0
DA:129,1
DA:130,0
DA:132,0
DA:137,0
DA:138,0
DA:139,0
DA:140,0
DA:143,0
DA:145,0
DA:146,0
DA:147,0
DA:148,0
DA:150,0
DA:151,0
DA:152,0
DA:157,0
DA:158,0
DA:159,0
DA:160,0
DA:162,0
DA:163,0
DA:164,0
DA:169,0
DA:170,0
DA:171,0
DA:172,0
DA:174,0
DA:175,0
DA:176,0
DA:181,0
DA:182,0
DA:183,0
DA:184,0
DA:185,0
DA:189,0
DA:193,1
DA:194,0
DA:196,0
DA:201,0
DA:202,0
DA:203,0
DA:204,0
DA:205,0
DA:207,0
DA:208,0
DA:209,0
DA:210,0
DA:211,0
DA:215,0
DA:220,1
DA:221,0
DA:230,0
DA:231,0
DA:233,0
DA:234,0
DA:236,0
DA:237,0
DA:239,0
DA:240,0
DA:241,0
DA:243,0
DA:246,0
DA:250,0
DA:253,0
DA:254,0
DA:255,0
DA:256,0
DA:258,0
DA:262,0
DA:266,0
DA:271,1
DA:272,0
DA:276,0
DA:278,0
DA:279,0
DA:280,0
DA:282,0
DA:284,0
DA:285,0
DA:287,0
DA:290,0
DA:291,0
DA:292,0
DA:293,0
DA:295,0
LF:146
LH:17
BRDA:30,1,0,0
BRDA:30,1,1,0
BRDA:39,2,0,0
BRDA:39,2,1,0
BRDA:65,3,0,0
BRDA:65,3,1,0
BRDA:67,4,0,0
BRDA:67,4,1,0
BRDA:75,5,0,0
BRDA:75,5,1,0
BRDA:77,6,0,0
BRDA:77,6,1,0
BRDA:86,7,0,0
BRDA:86,7,1,0
BRDA:90,8,0,0
BRDA:90,8,1,0
BRDA:96,9,0,0
BRDA:96,9,1,0
BRDA:106,10,0,0
BRDA:106,10,1,0
BRDA:111,11,0,0
BRDA:111,11,1,0
BRDA:112,12,0,0
BRDA:112,12,1,0
BRDA:113,13,0,0
BRDA:113,13,1,0
BRDA:113,13,2,0
BRDA:115,14,0,0
BRDA:115,14,1,0
BRDA:115,14,2,0
BRDA:118,15,0,0
BRDA:118,15,1,0
BRDA:119,16,0,0
BRDA:119,16,1,0
BRDA:119,16,2,0
BRDA:121,17,0,0
BRDA:121,17,1,0
BRDA:121,17,2,0
BRDA:130,18,0,0
BRDA:130,18,1,0
BRDA:143,19,0,0
BRDA:143,19,1,0
BRDA:146,20,0,0
BRDA:146,20,1,0
BRDA:150,21,0,0
BRDA:150,21,1,0
BRDA:150,22,0,0
BRDA:150,22,1,0
BRDA:158,23,0,0
BRDA:158,23,1,0
BRDA:162,24,0,0
BRDA:162,24,1,0
BRDA:162,25,0,0
BRDA:162,25,1,0
BRDA:170,26,0,0
BRDA:170,26,1,0
BRDA:174,27,0,0
BRDA:174,27,1,0
BRDA:174,28,0,0
BRDA:174,28,1,0
BRDA:182,29,0,0
BRDA:182,29,1,0
BRDA:185,30,0,0
BRDA:185,30,1,0
BRDA:185,31,0,0
BRDA:185,31,1,0
BRDA:194,32,0,0
BRDA:194,32,1,0
BRDA:198,33,0,0
BRDA:198,33,1,0
BRDA:201,34,0,0
BRDA:201,34,1,0
BRDA:201,35,0,0
BRDA:201,35,1,0
BRDA:202,36,0,0
BRDA:202,36,1,0
BRDA:203,37,0,0
BRDA:203,37,1,0
BRDA:203,37,2,0
BRDA:204,38,0,0
BRDA:204,38,1,0
BRDA:205,39,0,0
BRDA:205,39,1,0
BRDA:205,39,2,0
BRDA:207,40,0,0
BRDA:207,40,1,0
BRDA:208,41,0,0
BRDA:208,41,1,0
BRDA:209,42,0,0
BRDA:209,42,1,0
BRDA:209,42,2,0
BRDA:210,43,0,0
BRDA:210,43,1,0
BRDA:211,44,0,0
BRDA:211,44,1,0
BRDA:211,44,2,0
BRDA:233,45,0,0
BRDA:233,45,1,0
BRDA:241,46,0,0
BRDA:241,46,1,0
BRDA:241,47,0,0
BRDA:241,47,1,0
BRDA:243,48,0,0
BRDA:243,48,1,0
BRDA:255,49,0,0
BRDA:255,49,1,0
BRDA:278,50,0,0
BRDA:278,50,1,0
BRDA:279,51,0,0
BRDA:279,51,1,0
BRDA:284,52,0,0
BRDA:284,52,1,0
BRDA:290,53,0,0
BRDA:290,53,1,0
BRDA:291,54,0,0
BRDA:291,54,1,0
BRDA:292,55,0,0
BRDA:292,55,1,0
BRDA:293,56,0,0
BRDA:293,56,1,0
BRF:120
BRH:0
end_of_record
TN:
SF:./src/quadtree.js
FN:35,(anonymous_1)
FN:44,(anonymous_2)
FN:49,(anonymous_3)
FN:63,(anonymous_4)
FN:70,(anonymous_5)
FN:80,getContainingNodeHelper
FN:102,(anonymous_7)
FN:114,(anonymous_8)
FN:123,addAncestorElements
FN:208,(anonymous_10)
FN:240,(anonymous_11)
FNF:11
FNH:0
FNDA:0,(anonymous_1)
FNDA:0,(anonymous_2)
FNDA:0,(anonymous_3)
FNDA:0,(anonymous_4)
FNDA:0,(anonymous_5)
FNDA:0,getContainingNodeHelper
FNDA:0,(anonymous_7)
FNDA:0,(anonymous_8)
FNDA:0,addAncestorElements
FNDA:0,(anonymous_10)
FNDA:0,(anonymous_11)
DA:3,1
DA:35,1
DA:36,0
DA:37,0
DA:38,0
DA:41,0
DA:44,1
DA:45,0
DA:46,0
DA:49,1
DA:50,0
DA:51,0
DA:52,0
DA:53,0
DA:54,0
DA:55,0
DA:57,0
DA:60,1
DA:61,1
DA:63,1
DA:64,0
DA:65,0
DA:67,0
DA:70,1
DA:71,0
DA:80,1
DA:81,0
DA:83,0
DA:84,0
DA:85,0
DA:86,0
DA:87,0
DA:88,0
DA:92,0
DA:93,0
DA:94,0
DA:95,0
DA:99,0
DA:102,1
DA:103,0
DA:107,0
DA:110,0
DA:113,1
DA:114,1
DA:115,0
DA:123,1
DA:124,0
DA:125,0
DA:128,0
DA:129,0
DA:130,0
DA:131,0
DA:133,0
DA:136,0
DA:137,0
DA:138,0
DA:139,0
DA:141,0
DA:144,0
DA:145,0
DA:146,0
DA:147,0
DA:148,0
DA:150,0
DA:153,0
DA:156,0
DA:157,0
DA:158,0
DA:159,0
DA:162,0
DA:163,0
DA:164,0
DA:167,0
DA:168,0
DA:173,0
DA:174,0
DA:175,0
DA:178,0
DA:179,0
DA:184,0
DA:185,0
DA:186,0
DA:189,0
DA:190,0
DA:195,0
DA:196,0
DA:197,0
DA:200,0
DA:201,0
DA:205,0
DA:208,1
DA:209,0
DA:210,0
DA:217,0
DA:218,0
DA:221,0
DA:230,0
DA:234,0
DA:237,0
DA:240,1
DA:241,0
DA:247,0
DA:251,0
DA:252,0
DA:254,0
DA:258,0
DA:260,0
DA:263,0
DA:264,0
DA:265,0
DA:266,0
DA:267,0
DA:268,0
DA:271,0
DA:274,0
LF:115
LH:15
BRDA:36,1,0,0
BRDA:36,1,1,0
BRDA:38,2,0,0
BRDA:38,2,1,0
BRDA:64,3,0,0
BRDA:64,3,1,0
BRDA:65,4,0,0
BRDA:65,4,1,0
BRDA:81,5,0,0
BRDA:81,5,1,0
BRDA:83,6,0,0
BRDA:83,6,1,0
BRDA:84,7,0,0
BRDA:84,7,1,0
BRDA:85,8,0,0
BRDA:85,8,1,0
BRDA:87,9,0,0
BRDA:87,9,1,0
BRDA:92,10,0,0
BRDA:92,10,1,0
BRDA:94,11,0,0
BRDA:94,11,1,0
BRDA:103,12,0,0
BRDA:103,12,1,0
BRDA:103,13,0,0
BRDA:103,13,1,0
BRDA:103,13,2,0
BRDA:103,13,3,0
BRDA:121,14,0,0
BRDA:121,14,1,0
BRDA:125,15,0,0
BRDA:125,15,1,0
BRDA:125,16,0,0
BRDA:125,16,1,0
BRDA:128,17,0,0
BRDA:128,17,1,0
BRDA:128,18,0,0
BRDA:128,18,1,0
BRDA:130,19,0,0
BRDA:130,19,1,0
BRDA:136,20,0,0
BRDA:136,20,1,0
BRDA:136,21,0,0
BRDA:136,21,1,0
BRDA:138,22,0,0
BRDA:138,22,1,0
BRDA:144,23,0,0
BRDA:144,23,1,0
BRDA:144,24,0,0
BRDA:144,24,1,0
BRDA:145,25,0,0
BRDA:145,25,1,0
BRDA:145,26,0,0
BRDA:145,26,1,0
BRDA:147,27,0,0
BRDA:147,27,1,0
BRDA:156,28,0,0
BRDA:156,28,1,0
BRDA:157,29,0,0
BRDA:157,29,1,0
BRDA:158,30,0,0
BRDA:158,30,1,0
BRDA:159,31,0,0
BRDA:159,31,1,0
BRDA:162,32,0,0
BRDA:162,32,1,0
BRDA:163,33,0,0
BRDA:163,33,1,0
BRDA:167,34,0,0
BRDA:167,34,1,0
BRDA:173,35,0,0
BRDA:173,35,1,0
BRDA:174,36,0,0
BRDA:174,36,1,0
BRDA:174,37,0,0
BRDA:174,37,1,0
BRDA:178,38,0,0
BRDA:178,38,1,0
BRDA:184,39,0,0
BRDA:184,39,1,0
BRDA:185,40,0,0
BRDA:185,40,1,0
BRDA:185,41,0,0
BRDA:185,41,1,0
BRDA:189,42,0,0
BRDA:189,42,1,0
BRDA:195,43,0,0
BRDA:195,43,1,0
BRDA:196,44,0,0
BRDA:196,44,1,0
BRDA:196,45,0,0
BRDA:196,45,1,0
BRDA:200,46,0,0
BRDA:200,46,1,0
BRDA:200,47,0,0
BRDA:200,47,1,0
BRDA:209,48,0,0
BRDA:209,48,1,0
BRDA:221,49,0,0
BRDA:221,49,1,0
BRDA:221,50,0,0
BRDA:221,50,1,0
BRDA:221,51,0,0
BRDA:221,51,1,0
BRDA:225,52,0,0
BRDA:225,52,1,0
BRDA:254,53,0,0
BRDA:254,53,1,0
BRDA:254,54,0,0
BRDA:254,54,1,0
BRDA:254,54,2,0
BRDA:254,54,3,0
BRDA:263,55,0,0
BRDA:263,55,1,0
BRF:114
BRH:0
end_of_record
