{
"./src/node.js":{"path":"./src/node.js","s":{"1":1,"2":1,"3":0,"4":0,"5":0,"6":0,"7":0,"8":0,"9":0,"10":0,"11":0,"12":1,"13":1,"14":1,"15":1,"16":1,"17":1,"18":1,"19":0,"20":0,"21":0,"22":0,"23":0,"24":0,"25":1,"26":0,"27":0,"28":0,"29":1,"30":0,"31":0,"32":0,"33":0,"34":0,"35":1,"36":0,"37":0,"38":0,"39":0,"40":0,"41":0,"42":0,"43":0,"44":0,"45":0,"46":0,"47":0,"48":0,"49":0,"50":0,"51":0,"52":1,"53":0,"54":0,"55":0,"56":0,"57":0,"58":0,"59":0,"60":0,"61":0,"62":0,"63":1,"64":0,"65":0,"66":0,"67":0,"68":0,"69":0,"70":0,"71":0,"72":0,"73":0,"74":0,"75":0,"76":0,"77":0,"78":0,"79":0,"80":0,"81":0,"82":0,"83":0,"84":0,"85":0,"86":0,"87":0,"88":0,"89":0,"90":0,"91":0,"92":0,"93":0,"94":0,"95":0,"96":0,"97":0,"98":0,"99":0,"100":1,"101":0,"102":0,"103":0,"104":0,"105":0,"106":0,"107":0,"108":0,"109":0,"110":0,"111":0,"112":0,"113":0,"114":0,"115":1,"116":0,"117":0,"118":0,"119":0,"120":0,"121":0,"122":0,"123":0,"124":0,"125":0,"126":0,"127":0,"128":0,"129":0,"130":0,"131":0,"132":0,"133":0,"134":0,"135":0,"136":0,"137":1,"138":0,"139":0,"140":0,"141":0,"142":0,"143":0,"144":0,"145":0,"146":0,"147":0,"148":0,"149":0,"150":0,"151":0},"b":{"1":[0,0],"2":[0,0],"3":[0,0],"4":[0,0],"5":[0,0],"6":[0,0],"7":[0,0],"8":[0,0],"9":[0,0],"10":[0,0],"11":[0,0],"12":[0,0],"13":[0,0,0],"14":[0,0,0],"15":[0,0],"16":[0,0,0],"17":[0,0,0],"18":[0,0],"19":[0,0],"20":[0,0],"21":[0,0],"22":[0,0],"23":[0,0],"24":[0,0],"25":[0,0],"26":[0,0],"27":[0,0],"28":[0,0],"29":[0,0],"30":[0,0],"31":[0,0],"32":[0,0],"33":[0,0],"34":[0,0],"35":[0,0],"36":[0,0],"37":[0,0,0],"38":[0,0],"39":[0,0,0],"40":[0,0],"41":[0,0],"42":[0,0,0],"43":[0,0],"44":[0,0,0],"45":[0,0],"46":[0,0],"47":[0,0],"48":[0,0],"49":[0,0],"50":[0,0],"51":[0,0],"52":[0,0],"53":[0,0],"54":[0,0],"55":[0,0],"56":[0,0]},"f":{"1":0,"2":0,"3":0,"4":0,"5":0,"6":0,"7":0,"8":0,"9":0,"10":0},"fnMap":{"1":{"name":"Node","line":5,"loc":{"start":{"line":5,"column":0},"end":{"line":5,"column":47}}},"2":{"name":"(anonymous_2)","line":27,"loc":{"start":{"line":27,"column":23},"end":{"line":27,"column":33}}},"3":{"name":"(anonymous_3)","line":38,"loc":{"start":{"line":38,"column":28},"end":{"line":38,"column":38}}},"4":{"name":"(anonymous_4)","line":46,"loc":{"start":{"line":46,"column":23},"end":{"line":46,"column":33}}},"5":{"name":"(anonymous_5)","line":60,"loc":{"start":{"line":60,"column":28},"end":{"line":60,"column":41}}},"6":{"name":"(anonymous_6)","line":105,"loc":{"start":{"line":105,"column":31},"end":{"line":105,"column":45}}},"7":{"name":"(anonymous_7)","line":129,"loc":{"start":{"line":129,"column":40},"end":{"line":129,"column":74}}},"8":{"name":"(anonymous_8)","line":193,"loc":{"start":{"line":193,"column":29},"end":{"line":193,"column":63}}},"9":{"name":"(anonymous_9)","line":220,"loc":{"start":{"line":220,"column":24},"end":{"line":220,"column":37}}},"10":{"name":"(anonymous_10)","line":271,"loc":{"start":{"line":271,"column":22},"end":{"line":271,"column":48}}}},"statementMap":{"1":{"start":{"line":3,"column":0},"end":{"line":3,"column":22}},"2":{"start":{"line":5,"column":0},"end":{"line":17,"column":1}},"3":{"start":{"line":6,"column":1},"end":{"line":6,"column":19}},"4":{"start":{"line":8,"column":1},"end":{"line":8,"column":18}},"5":{"start":{"line":9,"column":1},"end":{"line":9,"column":16}},"6":{"start":{"line":10,"column":1},"end":{"line":10,"column":20}},"7":{"start":{"line":11,"column":1},"end":{"line":11,"column":22}},"8":{"start":{"line":12,"column":1},"end":{"line":12,"column":37}},"9":{"start":{"line":13,"column":1},"end":{"line":13,"column":38}},"10":{"start":{"line":14,"column":1},"end":{"line":14,"column":51}},"11":{"start":{"line":16,"column":1},"end":{"line":16,"column":22}},"12":{"start":{"line":19,"column":0},"end":{"line":19,"column":27}},"13":{"start":{"line":20,"column":0},"end":{"line":20,"column":27}},"14":{"start":{"line":21,"column":0},"end":{"line":21,"column":27}},"15":{"start":{"line":22,"column":0},"end":{"line":22,"column":27}},"16":{"start":{"line":24,"column":0},"end":{"line":24,"column":33}},"17":{"start":{"line":25,"column":0},"end":{"line":25,"column":34}},"18":{"start":{"line":27,"column":0},"end":{"line":36,"column":2}},"19":{"start":{"line":28,"column":1},"end":{"line":28,"column":19}},"20":{"start":{"line":30,"column":1},"end":{"line":35,"column":2}},"21":{"start":{"line":31,"column":2},"end":{"line":31,"column":18}},"22":{"start":{"line":32,"column":2},"end":{"line":32,"column":18}},"23":{"start":{"line":33,"column":2},"end":{"line":33,"column":18}},"24":{"start":{"line":34,"column":2},"end":{"line":34,"column":18}},"25":{"start":{"line":38,"column":0},"end":{"line":44,"column":2}},"26":{"start":{"line":39,"column":1},"end":{"line":43,"column":2}},"27":{"start":{"line":40,"column":2},"end":{"line":40,"column":117}},"28":{"start":{"line":42,"column":2},"end":{"line":42,"column":30}},"29":{"start":{"line":46,"column":0},"end":{"line":56,"column":2}},"30":{"start":{"line":47,"column":1},"end":{"line":50,"column":17}},"31":{"start":{"line":52,"column":1},"end":{"line":52,"column":62}},"32":{"start":{"line":53,"column":1},"end":{"line":53,"column":75}},"33":{"start":{"line":54,"column":1},"end":{"line":54,"column":89}},"34":{"start":{"line":55,"column":1},"end":{"line":55,"column":76}},"35":{"start":{"line":60,"column":0},"end":{"line":101,"column":2}},"36":{"start":{"line":61,"column":1},"end":{"line":62,"column":9}},"37":{"start":{"line":65,"column":1},"end":{"line":93,"column":2}},"38":{"start":{"line":67,"column":2},"end":{"line":73,"column":3}},"39":{"start":{"line":69,"column":3},"end":{"line":69,"column":47}},"40":{"start":{"line":72,"column":3},"end":{"line":72,"column":37}},"41":{"start":{"line":75,"column":8},"end":{"line":93,"column":2}},"42":{"start":{"line":77,"column":2},"end":{"line":83,"column":3}},"43":{"start":{"line":79,"column":3},"end":{"line":79,"column":38}},"44":{"start":{"line":82,"column":3},"end":{"line":82,"column":28}},"45":{"start":{"line":86,"column":8},"end":{"line":93,"column":2}},"46":{"start":{"line":88,"column":2},"end":{"line":88,"column":37}},"47":{"start":{"line":90,"column":8},"end":{"line":93,"column":2}},"48":{"start":{"line":92,"column":2},"end":{"line":92,"column":27}},"49":{"start":{"line":96,"column":1},"end":{"line":98,"column":2}},"50":{"start":{"line":97,"column":2},"end":{"line":97,"column":32}},"51":{"start":{"line":100,"column":1},"end":{"line":100,"column":13}},"52":{"start":{"line":105,"column":0},"end":{"line":124,"column":2}},"53":{"start":{"line":106,"column":1},"end":{"line":106,"column":26}},"54":{"start":{"line":106,"column":14},"end":{"line":106,"column":26}},"55":{"start":{"line":108,"column":1},"end":{"line":109,"column":36}},"56":{"start":{"line":111,"column":1},"end":{"line":123,"column":2}},"57":{"start":{"line":112,"column":2},"end":{"line":116,"column":3}},"58":{"start":{"line":113,"column":3},"end":{"line":113,"column":63}},"59":{"start":{"line":115,"column":3},"end":{"line":115,"column":63}},"60":{"start":{"line":118,"column":2},"end":{"line":122,"column":3}},"61":{"start":{"line":119,"column":3},"end":{"line":119,"column":63}},"62":{"start":{"line":121,"column":3},"end":{"line":121,"column":63}},"63":{"start":{"line":129,"column":0},"end":{"line":190,"column":2}},"64":{"start":{"line":130,"column":1},"end":{"line":130,"column":42}},"65":{"start":{"line":130,"column":14},"end":{"line":130,"column":42}},"66":{"start":{"line":132,"column":1},"end":{"line":135,"column":23}},"67":{"start":{"line":137,"column":1},"end":{"line":141,"column":2}},"68":{"start":{"line":138,"column":2},"end":{"line":138,"column":35}},"69":{"start":{"line":139,"column":2},"end":{"line":139,"column":25}},"70":{"start":{"line":140,"column":2},"end":{"line":140,"column":25}},"71":{"start":{"line":143,"column":1},"end":{"line":187,"column":2}},"72":{"start":{"line":145,"column":2},"end":{"line":145,"column":47}},"73":{"start":{"line":146,"column":2},"end":{"line":154,"column":3}},"74":{"start":{"line":147,"column":3},"end":{"line":147,"column":28}},"75":{"start":{"line":148,"column":3},"end":{"line":148,"column":38}},"76":{"start":{"line":150,"column":3},"end":{"line":153,"column":4}},"77":{"start":{"line":151,"column":4},"end":{"line":151,"column":36}},"78":{"start":{"line":152,"column":4},"end":{"line":152,"column":46}},"79":{"start":{"line":157,"column":2},"end":{"line":157,"column":51}},"80":{"start":{"line":158,"column":2},"end":{"line":166,"column":3}},"81":{"start":{"line":159,"column":3},"end":{"line":159,"column":28}},"82":{"start":{"line":160,"column":3},"end":{"line":160,"column":38}},"83":{"start":{"line":162,"column":3},"end":{"line":165,"column":4}},"84":{"start":{"line":163,"column":4},"end":{"line":163,"column":36}},"85":{"start":{"line":164,"column":4},"end":{"line":164,"column":46}},"86":{"start":{"line":169,"column":2},"end":{"line":169,"column":60}},"87":{"start":{"line":170,"column":2},"end":{"line":178,"column":3}},"88":{"start":{"line":171,"column":3},"end":{"line":171,"column":28}},"89":{"start":{"line":172,"column":3},"end":{"line":172,"column":38}},"90":{"start":{"line":174,"column":3},"end":{"line":177,"column":4}},"91":{"start":{"line":175,"column":4},"end":{"line":175,"column":36}},"92":{"start":{"line":176,"column":4},"end":{"line":176,"column":46}},"93":{"start":{"line":181,"column":2},"end":{"line":181,"column":52}},"94":{"start":{"line":182,"column":2},"end":{"line":186,"column":3}},"95":{"start":{"line":183,"column":3},"end":{"line":183,"column":28}},"96":{"start":{"line":184,"column":3},"end":{"line":184,"column":38}},"97":{"start":{"line":185,"column":3},"end":{"line":185,"column":105}},"98":{"start":{"line":185,"column":63},"end":{"line":185,"column":105}},"99":{"start":{"line":189,"column":1},"end":{"line":189,"column":54}},"100":{"start":{"line":193,"column":0},"end":{"line":216,"column":2}},"101":{"start":{"line":194,"column":1},"end":{"line":194,"column":26}},"102":{"start":{"line":194,"column":14},"end":{"line":194,"column":26}},"103":{"start":{"line":196,"column":1},"end":{"line":199,"column":30}},"104":{"start":{"line":201,"column":1},"end":{"line":213,"column":2}},"105":{"start":{"line":202,"column":2},"end":{"line":206,"column":3}},"106":{"start":{"line":203,"column":3},"end":{"line":203,"column":81}},"107":{"start":{"line":204,"column":9},"end":{"line":206,"column":3}},"108":{"start":{"line":205,"column":3},"end":{"line":205,"column":81}},"109":{"start":{"line":207,"column":8},"end":{"line":213,"column":2}},"110":{"start":{"line":208,"column":2},"end":{"line":212,"column":3}},"111":{"start":{"line":209,"column":3},"end":{"line":209,"column":81}},"112":{"start":{"line":210,"column":9},"end":{"line":212,"column":3}},"113":{"start":{"line":211,"column":3},"end":{"line":211,"column":81}},"114":{"start":{"line":215,"column":1},"end":{"line":215,"column":13}},"115":{"start":{"line":220,"column":0},"end":{"line":267,"column":2}},"116":{"start":{"line":221,"column":1},"end":{"line":226,"column":7}},"117":{"start":{"line":230,"column":1},"end":{"line":230,"column":29}},"118":{"start":{"line":231,"column":1},"end":{"line":231,"column":71}},"119":{"start":{"line":233,"column":1},"end":{"line":264,"column":2}},"120":{"start":{"line":234,"column":2},"end":{"line":234,"column":23}},"121":{"start":{"line":236,"column":2},"end":{"line":236,"column":25}},"122":{"start":{"line":237,"column":2},"end":{"line":237,"column":20}},"123":{"start":{"line":239,"column":2},"end":{"line":239,"column":12}},"124":{"start":{"line":240,"column":2},"end":{"line":240,"column":26}},"125":{"start":{"line":241,"column":2},"end":{"line":263,"column":3}},"126":{"start":{"line":243,"column":3},"end":{"line":243,"column":29}},"127":{"start":{"line":243,"column":16},"end":{"line":243,"column":29}},"128":{"start":{"line":246,"column":3},"end":{"line":246,"column":25}},"129":{"start":{"line":250,"column":3},"end":{"line":260,"column":4}},"130":{"start":{"line":253,"column":4},"end":{"line":253,"column":30}},"131":{"start":{"line":254,"column":4},"end":{"line":254,"column":74}},"132":{"start":{"line":255,"column":4},"end":{"line":259,"column":5}},"133":{"start":{"line":256,"column":5},"end":{"line":256,"column":26}},"134":{"start":{"line":258,"column":5},"end":{"line":258,"column":32}},"135":{"start":{"line":262,"column":3},"end":{"line":262,"column":35}},"136":{"start":{"line":266,"column":1},"end":{"line":266,"column":13}},"137":{"start":{"line":271,"column":0},"end":{"line":296,"column":2}},"138":{"start":{"line":272,"column":1},"end":{"line":274,"column":64}},"139":{"start":{"line":276,"column":1},"end":{"line":276,"column":22}},"140":{"start":{"line":278,"column":1},"end":{"line":288,"column":2}},"141":{"start":{"line":279,"column":2},"end":{"line":283,"column":3}},"142":{"start":{"line":280,"column":3},"end":{"line":280,"column":20}},"143":{"start":{"line":282,"column":3},"end":{"line":282,"column":20}},"144":{"start":{"line":284,"column":8},"end":{"line":288,"column":2}},"145":{"start":{"line":285,"column":2},"end":{"line":285,"column":19}},"146":{"start":{"line":287,"column":2},"end":{"line":287,"column":19}},"147":{"start":{"line":290,"column":1},"end":{"line":290,"column":77}},"148":{"start":{"line":291,"column":1},"end":{"line":291,"column":90}},"149":{"start":{"line":292,"column":1},"end":{"line":292,"column":104}},"150":{"start":{"line":293,"column":1},"end":{"line":293,"column":91}},"151":{"start":{"line":295,"column":1},"end":{"line":295,"column":15}}},"branchMap":{"1":{"line":30,"type":"if","locations":[{"start":{"line":30,"column":1},"end":{"line":30,"column":1}},{"start":{"line":30,"column":1},"end":{"line":30,"column":1}}]},"2":{"line":39,"type":"if","locations":[{"start":{"line":39,"column":1},"end":{"line":39,"column":1}},{"start":{"line":39,"column":1},"end":{"line":39,"column":1}}]},"3":{"line":65,"type":"if","locations":[{"start":{"line":65,"column":1},"end":{"line":65,"column":1}},{"start":{"line":65,"column":1},"end":{"line":65,"column":1}}]},"4":{"line":67,"type":"if","locations":[{"start":{"line":67,"column":2},"end":{"line":67,"column":2}},{"start":{"line":67,"column":2},"end":{"line":67,"column":2}}]},"5":{"line":75,"type":"if","locations":[{"start":{"line":75,"column":8},"end":{"line":75,"column":8}},{"start":{"line":75,"column":8},"end":{"line":75,"column":8}}]},"6":{"line":77,"type":"if","locations":[{"start":{"line":77,"column":2},"end":{"line":77,"column":2}},{"start":{"line":77,"column":2},"end":{"line":77,"column":2}}]},"7":{"line":86,"type":"if","locations":[{"start":{"line":86,"column":8},"end":{"line":86,"column":8}},{"start":{"line":86,"column":8},"end":{"line":86,"column":8}}]},"8":{"line":90,"type":"if","locations":[{"start":{"line":90,"column":8},"end":{"line":90,"column":8}},{"start":{"line":90,"column":8},"end":{"line":90,"column":8}}]},"9":{"line":96,"type":"if","locations":[{"start":{"line":96,"column":1},"end":{"line":96,"column":1}},{"start":{"line":96,"column":1},"end":{"line":96,"column":1}}]},"10":{"line":106,"type":"if","locations":[{"start":{"line":106,"column":1},"end":{"line":106,"column":1}},{"start":{"line":106,"column":1},"end":{"line":106,"column":1}}]},"11":{"line":111,"type":"if","locations":[{"start":{"line":111,"column":1},"end":{"line":111,"column":1}},{"start":{"line":111,"column":1},"end":{"line":111,"column":1}}]},"12":{"line":112,"type":"if","locations":[{"start":{"line":112,"column":2},"end":{"line":112,"column":2}},{"start":{"line":112,"column":2},"end":{"line":112,"column":2}}]},"13":{"line":113,"type":"binary-expr","locations":[{"start":{"line":113,"column":10},"end":{"line":113,"column":20}},{"start":{"line":113,"column":24},"end":{"line":113,"column":51}},{"start":{"line":113,"column":55},"end":{"line":113,"column":62}}]},"14":{"line":115,"type":"binary-expr","locations":[{"start":{"line":115,"column":10},"end":{"line":115,"column":20}},{"start":{"line":115,"column":24},"end":{"line":115,"column":51}},{"start":{"line":115,"column":55},"end":{"line":115,"column":62}}]},"15":{"line":118,"type":"if","locations":[{"start":{"line":118,"column":2},"end":{"line":118,"column":2}},{"start":{"line":118,"column":2},"end":{"line":118,"column":2}}]},"16":{"line":119,"type":"binary-expr","locations":[{"start":{"line":119,"column":10},"end":{"line":119,"column":20}},{"start":{"line":119,"column":24},"end":{"line":119,"column":51}},{"start":{"line":119,"column":55},"end":{"line":119,"column":62}}]},"17":{"line":121,"type":"binary-expr","locations":[{"start":{"line":121,"column":10},"end":{"line":121,"column":20}},{"start":{"line":121,"column":24},"end":{"line":121,"column":51}},{"start":{"line":121,"column":55},"end":{"line":121,"column":62}}]},"18":{"line":130,"type":"if","locations":[{"start":{"line":130,"column":1},"end":{"line":130,"column":1}},{"start":{"line":130,"column":1},"end":{"line":130,"column":1}}]},"19":{"line":143,"type":"if","locations":[{"start":{"line":143,"column":1},"end":{"line":143,"column":1}},{"start":{"line":143,"column":1},"end":{"line":143,"column":1}}]},"20":{"line":146,"type":"if","locations":[{"start":{"line":146,"column":2},"end":{"line":146,"column":2}},{"start":{"line":146,"column":2},"end":{"line":146,"column":2}}]},"21":{"line":150,"type":"if","locations":[{"start":{"line":150,"column":3},"end":{"line":150,"column":3}},{"start":{"line":150,"column":3},"end":{"line":150,"column":3}}]},"22":{"line":150,"type":"binary-expr","locations":[{"start":{"line":150,"column":6},"end":{"line":150,"column":21}},{"start":{"line":150,"column":25},"end":{"line":150,"column":61}}]},"23":{"line":158,"type":"if","locations":[{"start":{"line":158,"column":2},"end":{"line":158,"column":2}},{"start":{"line":158,"column":2},"end":{"line":158,"column":2}}]},"24":{"line":162,"type":"if","locations":[{"start":{"line":162,"column":3},"end":{"line":162,"column":3}},{"start":{"line":162,"column":3},"end":{"line":162,"column":3}}]},"25":{"line":162,"type":"binary-expr","locations":[{"start":{"line":162,"column":6},"end":{"line":162,"column":21}},{"start":{"line":162,"column":25},"end":{"line":162,"column":61}}]},"26":{"line":170,"type":"if","locations":[{"start":{"line":170,"column":2},"end":{"line":170,"column":2}},{"start":{"line":170,"column":2},"end":{"line":170,"column":2}}]},"27":{"line":174,"type":"if","locations":[{"start":{"line":174,"column":3},"end":{"line":174,"column":3}},{"start":{"line":174,"column":3},"end":{"line":174,"column":3}}]},"28":{"line":174,"type":"binary-expr","locations":[{"start":{"line":174,"column":6},"end":{"line":174,"column":21}},{"start":{"line":174,"column":25},"end":{"line":174,"column":61}}]},"29":{"line":182,"type":"if","locations":[{"start":{"line":182,"column":2},"end":{"line":182,"column":2}},{"start":{"line":182,"column":2},"end":{"line":182,"column":2}}]},"30":{"line":185,"type":"if","locations":[{"start":{"line":185,"column":3},"end":{"line":185,"column":3}},{"start":{"line":185,"column":3},"end":{"line":185,"column":3}}]},"31":{"line":185,"type":"binary-expr","locations":[{"start":{"line":185,"column":6},"end":{"line":185,"column":21}},{"start":{"line":185,"column":25},"end":{"line":185,"column":61}}]},"32":{"line":194,"type":"if","locations":[{"start":{"line":194,"column":1},"end":{"line":194,"column":1}},{"start":{"line":194,"column":1},"end":{"line":194,"column":1}}]},"33":{"line":198,"type":"binary-expr","locations":[{"start":{"line":198,"column":17},"end":{"line":198,"column":27}},{"start":{"line":198,"column":33},"end":{"line":198,"column":54}}]},"34":{"line":201,"type":"if","locations":[{"start":{"line":201,"column":1},"end":{"line":201,"column":1}},{"start":{"line":201,"column":1},"end":{"line":201,"column":1}}]},"35":{"line":201,"type":"binary-expr","locations":[{"start":{"line":201,"column":5},"end":{"line":201,"column":16}},{"start":{"line":201,"column":22},"end":{"line":201,"column":43}}]},"36":{"line":202,"type":"if","locations":[{"start":{"line":202,"column":2},"end":{"line":202,"column":2}},{"start":{"line":202,"column":2},"end":{"line":202,"column":2}}]},"37":{"line":203,"type":"binary-expr","locations":[{"start":{"line":203,"column":10},"end":{"line":203,"column":20}},{"start":{"line":203,"column":24},"end":{"line":203,"column":69}},{"start":{"line":203,"column":73},"end":{"line":203,"column":80}}]},"38":{"line":204,"type":"if","locations":[{"start":{"line":204,"column":9},"end":{"line":204,"column":9}},{"start":{"line":204,"column":9},"end":{"line":204,"column":9}}]},"39":{"line":205,"type":"binary-expr","locations":[{"start":{"line":205,"column":10},"end":{"line":205,"column":20}},{"start":{"line":205,"column":24},"end":{"line":205,"column":69}},{"start":{"line":205,"column":73},"end":{"line":205,"column":80}}]},"40":{"line":207,"type":"if","locations":[{"start":{"line":207,"column":8},"end":{"line":207,"column":8}},{"start":{"line":207,"column":8},"end":{"line":207,"column":8}}]},"41":{"line":208,"type":"if","locations":[{"start":{"line":208,"column":2},"end":{"line":208,"column":2}},{"start":{"line":208,"column":2},"end":{"line":208,"column":2}}]},"42":{"line":209,"type":"binary-expr","locations":[{"start":{"line":209,"column":10},"end":{"line":209,"column":20}},{"start":{"line":209,"column":24},"end":{"line":209,"column":69}},{"start":{"line":209,"column":73},"end":{"line":209,"column":80}}]},"43":{"line":210,"type":"if","locations":[{"start":{"line":210,"column":9},"end":{"line":210,"column":9}},{"start":{"line":210,"column":9},"end":{"line":210,"column":9}}]},"44":{"line":211,"type":"binary-expr","locations":[{"start":{"line":211,"column":10},"end":{"line":211,"column":20}},{"start":{"line":211,"column":24},"end":{"line":211,"column":69}},{"start":{"line":211,"column":73},"end":{"line":211,"column":80}}]},"45":{"line":233,"type":"if","locations":[{"start":{"line":233,"column":1},"end":{"line":233,"column":1}},{"start":{"line":233,"column":1},"end":{"line":233,"column":1}}]},"46":{"line":241,"type":"if","locations":[{"start":{"line":241,"column":2},"end":{"line":241,"column":2}},{"start":{"line":241,"column":2},"end":{"line":241,"column":2}}]},"47":{"line":241,"type":"binary-expr","locations":[{"start":{"line":241,"column":5},"end":{"line":241,"column":17}},{"start":{"line":241,"column":21},"end":{"line":241,"column":46}}]},"48":{"line":243,"type":"if","locations":[{"start":{"line":243,"column":3},"end":{"line":243,"column":3}},{"start":{"line":243,"column":3},"end":{"line":243,"column":3}}]},"49":{"line":255,"type":"if","locations":[{"start":{"line":255,"column":4},"end":{"line":255,"column":4}},{"start":{"line":255,"column":4},"end":{"line":255,"column":4}}]},"50":{"line":278,"type":"if","locations":[{"start":{"line":278,"column":1},"end":{"line":278,"column":1}},{"start":{"line":278,"column":1},"end":{"line":278,"column":1}}]},"51":{"line":279,"type":"if","locations":[{"start":{"line":279,"column":2},"end":{"line":279,"column":2}},{"start":{"line":279,"column":2},"end":{"line":279,"column":2}}]},"52":{"line":284,"type":"if","locations":[{"start":{"line":284,"column":8},"end":{"line":284,"column":8}},{"start":{"line":284,"column":8},"end":{"line":284,"column":8}}]},"53":{"line":290,"type":"binary-expr","locations":[{"start":{"line":290,"column":13},"end":{"line":290,"column":22}},{"start":{"line":290,"column":26},"end":{"line":290,"column":76}}]},"54":{"line":291,"type":"binary-expr","locations":[{"start":{"line":291,"column":13},"end":{"line":291,"column":22}},{"start":{"line":291,"column":26},"end":{"line":291,"column":89}}]},"55":{"line":292,"type":"binary-expr","locations":[{"start":{"line":292,"column":13},"end":{"line":292,"column":22}},{"start":{"line":292,"column":26},"end":{"line":292,"column":103}}]},"56":{"line":293,"type":"binary-expr","locations":[{"start":{"line":293,"column":13},"end":{"line":293,"column":22}},{"start":{"line":293,"column":26},"end":{"line":293,"column":90}}]}},"l":{"3":1,"5":1,"6":0,"8":0,"9":0,"10":0,"11":0,"12":0,"13":0,"14":0,"16":0,"19":1,"20":1,"21":1,"22":1,"24":1,"25":1,"27":1,"28":0,"30":0,"31":0,"32":0,"33":0,"34":0,"38":1,"39":0,"40":0,"42":0,"46":1,"47":0,"52":0,"53":0,"54":0,"55":0,"60":1,"61":0,"65":0,"67":0,"69":0,"72":0,"75":0,"77":0,"79":0,"82":0,"86":0,"88":0,"90":0,"92":0,"96":0,"97":0,"100":0,"105":1,"106":0,"108":0,"111":0,"112":0,"113":0,"115":0,"118":0,"119":0,"121":0,"129":1,"130":0,"132":0,"137":0,"138":0,"139":0,"140":0,"143":0,"145":0,"146":0,"147":0,"148":0,"150":0,"151":0,"152":0,"157":0,"158":0,"159":0,"160":0,"162":0,"163":0,"164":0,"169":0,"170":0,"171":0,"172":0,"174":0,"175":0,"176":0,"181":0,"182":0,"183":0,"184":0,"185":0,"189":0,"193":1,"194":0,"196":0,"201":0,"202":0,"203":0,"204":0,"205":0,"207":0,"208":0,"209":0,"210":0,"211":0,"215":0,"220":1,"221":0,"230":0,"231":0,"233":0,"234":0,"236":0,"237":0,"239":0,"240":0,"241":0,"243":0,"246":0,"250":0,"253":0,"254":0,"255":0,"256":0,"258":0,"262":0,"266":0,"271":1,"272":0,"276":0,"278":0,"279":0,"280":0,"282":0,"284":0,"285":0,"287":0,"290":0,"291":0,"292":0,"293":0,"295":0}},
"./src/quadtree.js":{"path":"./src/quadtree.js","s":{"1":1,"2":1,"3":0,"4":0,"5":0,"6":0,"7":1,"8":0,"9":0,"10":1,"11":0,"12":0,"13":0,"14":0,"15":0,"16":0,"17":0,"18":1,"19":1,"20":1,"21":0,"22":0,"23":0,"24":1,"25":0,"26":1,"27":0,"28":0,"29":0,"30":0,"31":0,"32":0,"33":0,"34":0,"35":0,"36":0,"37":0,"38":0,"39":0,"40":1,"41":0,"42":0,"43":0,"44":1,"45":1,"46":0,"47":1,"48":0,"49":0,"50":0,"51":0,"52":0,"53":0,"54":0,"55":0,"56":0,"57":0,"58":0,"59":0,"60":0,"61":0,"62":0,"63":0,"64":0,"65":0,"66":0,"67":0,"68":0,"69":0,"70":0,"71":0,"72":0,"73":0,"74":0,"75":0,"76":0,"77":0,"78":0,"79":0,"80":0,"81":0,"82":0,"83":0,"84":0,"85":0,"86":0,"87":0,"88":0,"89":0,"90":0,"91":0,"92":0,"93":0,"94":0,"95":0,"96":0,"97":0,"98":0,"99":0,"100":1,"101":0,"102":0,"103":0,"104":0,"105":0,"106":0,"107":0,"108":0,"109":1,"110":0,"111":0,"112":0,"113":0,"114":0,"115":0,"116":0,"117":0,"118":0,"119":0,"120":0,"121":0,"122":0,"123":0,"124":0},"b":{"1":[0,0],"2":[0,0],"3":[0,0],"4":[0,0],"5":[0,0],"6":[0,0],"7":[0,0],"8":[0,0],"9":[0,0],"10":[0,0],"11":[0,0],"12":[0,0],"13":[0,0,0,0],"14":[0,0],"15":[0,0],"16":[0,0],"17":[0,0],"18":[0,0],"19":[0,0],"20":[0,0],"21":[0,0],"22":[0,0],"23":[0,0],"24":[0,0],"25":[0,0],"26":[0,0],"27":[0,0],"28":[0,0],"29":[0,0],"30":[0,0],"31":[0,0],"32":[0,0],"33":[0,0],"34":[0,0],"35":[0,0],"36":[0,0],"37":[0,0],"38":[0,0],"39":[0,0],"40":[0,0],"41":[0,0],"42":[0,0],"43":[0,0],"44":[0,0],"45":[0,0],"46":[0,0],"47":[0,0],"48":[0,0],"49":[0,0],"50":[0,0],"51":[0,0],"52":[0,0],"53":[0,0],"54":[0,0,0,0],"55":[0,0]},"f":{"1":0,"2":0,"3":0,"4":0,"5":0,"6":0,"7":0,"8":0,"9":0,"10":0,"11":0},"fnMap":{"1":{"name":"(anonymous_1)","line":35,"loc":{"start":{"line":35,"column":32},"end":{"line":35,"column":55}}},"2":{"name":"(anonymous_2)","line":44,"loc":{"start":{"line":44,"column":18},"end":{"line":44,"column":41}}},"3":{"name":"(anonymous_3)","line":49,"loc":{"start":{"line":49,"column":18},"end":{"line":49,"column":36}}},"4":{"name":"(anonymous_4)","line":63,"loc":{"start":{"line":63,"column":27},"end":{"line":63,"column":41}}},"5":{"name":"(anonymous_5)","line":70,"loc":{"start":{"line":70,"column":28},"end":{"line":70,"column":41}}},"6":{"name":"getContainingNodeHelper","line":80,"loc":{"start":{"line":80,"column":0},"end":{"line":80,"column":64}}},"7":{"name":"(anonymous_7)","line":102,"loc":{"start":{"line":102,"column":39},"end":{"line":102,"column":73}}},"8":{"name":"(anonymous_8)","line":114,"loc":{"start":{"line":114,"column":44},"end":{"line":114,"column":78}}},"9":{"name":"addAncestorElements","line":123,"loc":{"start":{"line":123,"column":1},"end":{"line":123,"column":55}}},"10":{"name":"(anonymous_10)","line":208,"loc":{"start":{"line":208,"column":32},"end":{"line":208,"column":66}}},"11":{"name":"(anonymous_11)","line":240,"loc":{"start":{"line":240,"column":27},"end":{"line":240,"column":61}}}},"statementMap":{"1":{"start":{"line":3,"column":0},"end":{"line":3,"column":33}},"2":{"start":{"line":35,"column":0},"end":{"line":42,"column":2}},"3":{"start":{"line":36,"column":1},"end":{"line":39,"column":2}},"4":{"start":{"line":37,"column":2},"end":{"line":37,"column":21}},"5":{"start":{"line":38,"column":2},"end":{"line":38,"column":39}},"6":{"start":{"line":41,"column":1},"end":{"line":41,"column":14}},"7":{"start":{"line":44,"column":0},"end":{"line":47,"column":2}},"8":{"start":{"line":45,"column":1},"end":{"line":45,"column":44}},"9":{"start":{"line":46,"column":1},"end":{"line":46,"column":34}},"10":{"start":{"line":49,"column":0},"end":{"line":58,"column":2}},"11":{"start":{"line":50,"column":1},"end":{"line":50,"column":14}},"12":{"start":{"line":51,"column":1},"end":{"line":51,"column":45}},"13":{"start":{"line":52,"column":1},"end":{"line":52,"column":43}},"14":{"start":{"line":53,"column":1},"end":{"line":53,"column":53}},"15":{"start":{"line":54,"column":1},"end":{"line":54,"column":26}},"16":{"start":{"line":55,"column":1},"end":{"line":55,"column":43}},"17":{"start":{"line":57,"column":1},"end":{"line":57,"column":12}},"18":{"start":{"line":60,"column":0},"end":{"line":60,"column":33}},"19":{"start":{"line":61,"column":0},"end":{"line":61,"column":34}},"20":{"start":{"line":63,"column":0},"end":{"line":68,"column":2}},"21":{"start":{"line":64,"column":1},"end":{"line":64,"column":12}},"22":{"start":{"line":65,"column":1},"end":{"line":65,"column":12}},"23":{"start":{"line":67,"column":1},"end":{"line":67,"column":56}},"24":{"start":{"line":70,"column":0},"end":{"line":72,"column":2}},"25":{"start":{"line":71,"column":1},"end":{"line":71,"column":33}},"26":{"start":{"line":80,"column":0},"end":{"line":100,"column":1}},"27":{"start":{"line":81,"column":1},"end":{"line":81,"column":26}},"28":{"start":{"line":81,"column":14},"end":{"line":81,"column":26}},"29":{"start":{"line":83,"column":1},"end":{"line":97,"column":2}},"30":{"start":{"line":84,"column":2},"end":{"line":90,"column":3}},"31":{"start":{"line":85,"column":3},"end":{"line":89,"column":4}},"32":{"start":{"line":86,"column":4},"end":{"line":86,"column":70}},"33":{"start":{"line":87,"column":10},"end":{"line":89,"column":4}},"34":{"start":{"line":88,"column":4},"end":{"line":88,"column":70}},"35":{"start":{"line":92,"column":2},"end":{"line":96,"column":3}},"36":{"start":{"line":93,"column":3},"end":{"line":93,"column":69}},"37":{"start":{"line":94,"column":9},"end":{"line":96,"column":3}},"38":{"start":{"line":95,"column":3},"end":{"line":95,"column":69}},"39":{"start":{"line":99,"column":1},"end":{"line":99,"column":13}},"40":{"start":{"line":102,"column":0},"end":{"line":111,"column":2}},"41":{"start":{"line":103,"column":1},"end":{"line":108,"column":2}},"42":{"start":{"line":107,"column":2},"end":{"line":107,"column":9}},"43":{"start":{"line":110,"column":1},"end":{"line":110,"column":68}},"44":{"start":{"line":113,"column":0},"end":{"line":113,"column":38}},"45":{"start":{"line":114,"column":0},"end":{"line":206,"column":2}},"46":{"start":{"line":115,"column":1},"end":{"line":121,"column":44}},"47":{"start":{"line":123,"column":1},"end":{"line":126,"column":2}},"48":{"start":{"line":124,"column":2},"end":{"line":124,"column":66}},"49":{"start":{"line":125,"column":2},"end":{"line":125,"column":93}},"50":{"start":{"line":125,"column":58},"end":{"line":125,"column":93}},"51":{"start":{"line":128,"column":1},"end":{"line":134,"column":2}},"52":{"start":{"line":129,"column":2},"end":{"line":129,"column":62}},"53":{"start":{"line":130,"column":2},"end":{"line":131,"column":15}},"54":{"start":{"line":130,"column":9},"end":{"line":130,"column":43}},"55":{"start":{"line":131,"column":7},"end":{"line":131,"column":15}},"56":{"start":{"line":133,"column":2},"end":{"line":133,"column":10}},"57":{"start":{"line":136,"column":1},"end":{"line":142,"column":2}},"58":{"start":{"line":137,"column":2},"end":{"line":137,"column":66}},"59":{"start":{"line":138,"column":2},"end":{"line":139,"column":15}},"60":{"start":{"line":138,"column":9},"end":{"line":138,"column":43}},"61":{"start":{"line":139,"column":7},"end":{"line":139,"column":15}},"62":{"start":{"line":141,"column":2},"end":{"line":141,"column":10}},"63":{"start":{"line":144,"column":1},"end":{"line":154,"column":2}},"64":{"start":{"line":145,"column":2},"end":{"line":151,"column":3}},"65":{"start":{"line":146,"column":3},"end":{"line":146,"column":69}},"66":{"start":{"line":147,"column":3},"end":{"line":148,"column":16}},"67":{"start":{"line":147,"column":10},"end":{"line":147,"column":44}},"68":{"start":{"line":148,"column":8},"end":{"line":148,"column":16}},"69":{"start":{"line":150,"column":3},"end":{"line":150,"column":11}},"70":{"start":{"line":153,"column":2},"end":{"line":153,"column":10}},"71":{"start":{"line":156,"column":1},"end":{"line":156,"column":62}},"72":{"start":{"line":156,"column":15},"end":{"line":156,"column":62}},"73":{"start":{"line":157,"column":1},"end":{"line":157,"column":66}},"74":{"start":{"line":157,"column":15},"end":{"line":157,"column":66}},"75":{"start":{"line":158,"column":1},"end":{"line":158,"column":68}},"76":{"start":{"line":158,"column":15},"end":{"line":158,"column":68}},"77":{"start":{"line":159,"column":1},"end":{"line":159,"column":64}},"78":{"start":{"line":159,"column":15},"end":{"line":159,"column":64}},"79":{"start":{"line":162,"column":1},"end":{"line":170,"column":2}},"80":{"start":{"line":163,"column":2},"end":{"line":165,"column":3}},"81":{"start":{"line":164,"column":3},"end":{"line":164,"column":67}},"82":{"start":{"line":167,"column":2},"end":{"line":169,"column":3}},"83":{"start":{"line":168,"column":3},"end":{"line":168,"column":67}},"84":{"start":{"line":173,"column":1},"end":{"line":181,"column":2}},"85":{"start":{"line":174,"column":2},"end":{"line":176,"column":3}},"86":{"start":{"line":175,"column":3},"end":{"line":175,"column":69}},"87":{"start":{"line":178,"column":2},"end":{"line":180,"column":3}},"88":{"start":{"line":179,"column":3},"end":{"line":179,"column":69}},"89":{"start":{"line":184,"column":1},"end":{"line":192,"column":2}},"90":{"start":{"line":185,"column":2},"end":{"line":187,"column":3}},"91":{"start":{"line":186,"column":3},"end":{"line":186,"column":75}},"92":{"start":{"line":189,"column":2},"end":{"line":191,"column":3}},"93":{"start":{"line":190,"column":3},"end":{"line":190,"column":75}},"94":{"start":{"line":195,"column":1},"end":{"line":203,"column":2}},"95":{"start":{"line":196,"column":2},"end":{"line":198,"column":3}},"96":{"start":{"line":197,"column":3},"end":{"line":197,"column":73}},"97":{"start":{"line":200,"column":2},"end":{"line":202,"column":3}},"98":{"start":{"line":201,"column":3},"end":{"line":201,"column":73}},"99":{"start":{"line":205,"column":1},"end":{"line":205,"column":54}},"100":{"start":{"line":208,"column":0},"end":{"line":238,"column":2}},"101":{"start":{"line":209,"column":1},"end":{"line":235,"column":2}},"102":{"start":{"line":210,"column":2},"end":{"line":215,"column":13}},"103":{"start":{"line":217,"column":2},"end":{"line":232,"column":3}},"104":{"start":{"line":218,"column":3},"end":{"line":218,"column":42}},"105":{"start":{"line":221,"column":3},"end":{"line":231,"column":4}},"106":{"start":{"line":230,"column":4},"end":{"line":230,"column":27}},"107":{"start":{"line":234,"column":2},"end":{"line":234,"column":16}},"108":{"start":{"line":237,"column":1},"end":{"line":237,"column":30}},"109":{"start":{"line":240,"column":0},"end":{"line":275,"column":2}},"110":{"start":{"line":241,"column":1},"end":{"line":245,"column":19}},"111":{"start":{"line":247,"column":1},"end":{"line":249,"column":26}},"112":{"start":{"line":251,"column":1},"end":{"line":262,"column":2}},"113":{"start":{"line":252,"column":2},"end":{"line":252,"column":29}},"114":{"start":{"line":254,"column":2},"end":{"line":261,"column":3}},"115":{"start":{"line":258,"column":3},"end":{"line":258,"column":35}},"116":{"start":{"line":260,"column":3},"end":{"line":260,"column":31}},"117":{"start":{"line":263,"column":1},"end":{"line":272,"column":2}},"118":{"start":{"line":264,"column":2},"end":{"line":264,"column":54}},"119":{"start":{"line":265,"column":2},"end":{"line":265,"column":12}},"120":{"start":{"line":266,"column":2},"end":{"line":266,"column":30}},"121":{"start":{"line":267,"column":2},"end":{"line":269,"column":3}},"122":{"start":{"line":268,"column":3},"end":{"line":268,"column":35}},"123":{"start":{"line":271,"column":2},"end":{"line":271,"column":15}},"124":{"start":{"line":274,"column":1},"end":{"line":274,"column":24}}},"branchMap":{"1":{"line":36,"type":"if","locations":[{"start":{"line":36,"column":1},"end":{"line":36,"column":1}},{"start":{"line":36,"column":1},"end":{"line":36,"column":1}}]},"2":{"line":38,"type":"cond-expr","locations":[{"start":{"line":38,"column":24},"end":{"line":38,"column":30}},{"start":{"line":38,"column":33},"end":{"line":38,"column":38}}]},"3":{"line":64,"type":"binary-expr","locations":[{"start":{"line":64,"column":5},"end":{"line":64,"column":6}},{"start":{"line":64,"column":10},"end":{"line":64,"column":11}}]},"4":{"line":65,"type":"binary-expr","locations":[{"start":{"line":65,"column":5},"end":{"line":65,"column":6}},{"start":{"line":65,"column":10},"end":{"line":65,"column":11}}]},"5":{"line":81,"type":"if","locations":[{"start":{"line":81,"column":1},"end":{"line":81,"column":1}},{"start":{"line":81,"column":1},"end":{"line":81,"column":1}}]},"6":{"line":83,"type":"if","locations":[{"start":{"line":83,"column":1},"end":{"line":83,"column":1}},{"start":{"line":83,"column":1},"end":{"line":83,"column":1}}]},"7":{"line":84,"type":"if","locations":[{"start":{"line":84,"column":2},"end":{"line":84,"column":2}},{"start":{"line":84,"column":2},"end":{"line":84,"column":2}}]},"8":{"line":85,"type":"if","locations":[{"start":{"line":85,"column":3},"end":{"line":85,"column":3}},{"start":{"line":85,"column":3},"end":{"line":85,"column":3}}]},"9":{"line":87,"type":"if","locations":[{"start":{"line":87,"column":10},"end":{"line":87,"column":10}},{"start":{"line":87,"column":10},"end":{"line":87,"column":10}}]},"10":{"line":92,"type":"if","locations":[{"start":{"line":92,"column":2},"end":{"line":92,"column":2}},{"start":{"line":92,"column":2},"end":{"line":92,"column":2}}]},"11":{"line":94,"type":"if","locations":[{"start":{"line":94,"column":9},"end":{"line":94,"column":9}},{"start":{"line":94,"column":9},"end":{"line":94,"column":9}}]},"12":{"line":103,"type":"if","locations":[{"start":{"line":103,"column":1},"end":{"line":103,"column":1}},{"start":{"line":103,"column":1},"end":{"line":103,"column":1}}]},"13":{"line":103,"type":"binary-expr","locations":[{"start":{"line":103,"column":4},"end":{"line":103,"column":24}},{"start":{"line":104,"column":2},"end":{"line":104,"column":20}},{"start":{"line":105,"column":2},"end":{"line":105,"column":24}},{"start":{"line":106,"column":2},"end":{"line":106,"column":26}}]},"14":{"line":121,"type":"cond-expr","locations":[{"start":{"line":121,"column":21},"end":{"line":121,"column":38}},{"start":{"line":121,"column":41},"end":{"line":121,"column":43}}]},"15":{"line":125,"type":"if","locations":[{"start":{"line":125,"column":2},"end":{"line":125,"column":2}},{"start":{"line":125,"column":2},"end":{"line":125,"column":2}}]},"16":{"line":125,"type":"binary-expr","locations":[{"start":{"line":125,"column":5},"end":{"line":125,"column":13}},{"start":{"line":125,"column":17},"end":{"line":125,"column":56}}]},"17":{"line":128,"type":"if","locations":[{"start":{"line":128,"column":1},"end":{"line":128,"column":1}},{"start":{"line":128,"column":1},"end":{"line":128,"column":1}}]},"18":{"line":128,"type":"binary-expr","locations":[{"start":{"line":128,"column":4},"end":{"line":128,"column":7}},{"start":{"line":128,"column":11},"end":{"line":128,"column":27}}]},"19":{"line":130,"type":"if","locations":[{"start":{"line":130,"column":2},"end":{"line":130,"column":2}},{"start":{"line":130,"column":2},"end":{"line":130,"column":2}}]},"20":{"line":136,"type":"if","locations":[{"start":{"line":136,"column":1},"end":{"line":136,"column":1}},{"start":{"line":136,"column":1},"end":{"line":136,"column":1}}]},"21":{"line":136,"type":"binary-expr","locations":[{"start":{"line":136,"column":4},"end":{"line":136,"column":7}},{"start":{"line":136,"column":11},"end":{"line":136,"column":29}}]},"22":{"line":138,"type":"if","locations":[{"start":{"line":138,"column":2},"end":{"line":138,"column":2}},{"start":{"line":138,"column":2},"end":{"line":138,"column":2}}]},"23":{"line":144,"type":"if","locations":[{"start":{"line":144,"column":1},"end":{"line":144,"column":1}},{"start":{"line":144,"column":1},"end":{"line":144,"column":1}}]},"24":{"line":144,"type":"binary-expr","locations":[{"start":{"line":144,"column":4},"end":{"line":144,"column":7}},{"start":{"line":144,"column":11},"end":{"line":144,"column":29}}]},"25":{"line":145,"type":"if","locations":[{"start":{"line":145,"column":2},"end":{"line":145,"column":2}},{"start":{"line":145,"column":2},"end":{"line":145,"column":2}}]},"26":{"line":145,"type":"binary-expr","locations":[{"start":{"line":145,"column":5},"end":{"line":145,"column":8}},{"start":{"line":145,"column":12},"end":{"line":145,"column":28}}]},"27":{"line":147,"type":"if","locations":[{"start":{"line":147,"column":3},"end":{"line":147,"column":3}},{"start":{"line":147,"column":3},"end":{"line":147,"column":3}}]},"28":{"line":156,"type":"if","locations":[{"start":{"line":156,"column":1},"end":{"line":156,"column":1}},{"start":{"line":156,"column":1},"end":{"line":156,"column":1}}]},"29":{"line":157,"type":"if","locations":[{"start":{"line":157,"column":1},"end":{"line":157,"column":1}},{"start":{"line":157,"column":1},"end":{"line":157,"column":1}}]},"30":{"line":158,"type":"if","locations":[{"start":{"line":158,"column":1},"end":{"line":158,"column":1}},{"start":{"line":158,"column":1},"end":{"line":158,"column":1}}]},"31":{"line":159,"type":"if","locations":[{"start":{"line":159,"column":1},"end":{"line":159,"column":1}},{"start":{"line":159,"column":1},"end":{"line":159,"column":1}}]},"32":{"line":162,"type":"if","locations":[{"start":{"line":162,"column":1},"end":{"line":162,"column":1}},{"start":{"line":162,"column":1},"end":{"line":162,"column":1}}]},"33":{"line":163,"type":"if","locations":[{"start":{"line":163,"column":2},"end":{"line":163,"column":2}},{"start":{"line":163,"column":2},"end":{"line":163,"column":2}}]},"34":{"line":167,"type":"if","locations":[{"start":{"line":167,"column":2},"end":{"line":167,"column":2}},{"start":{"line":167,"column":2},"end":{"line":167,"column":2}}]},"35":{"line":173,"type":"if","locations":[{"start":{"line":173,"column":1},"end":{"line":173,"column":1}},{"start":{"line":173,"column":1},"end":{"line":173,"column":1}}]},"36":{"line":174,"type":"if","locations":[{"start":{"line":174,"column":2},"end":{"line":174,"column":2}},{"start":{"line":174,"column":2},"end":{"line":174,"column":2}}]},"37":{"line":174,"type":"binary-expr","locations":[{"start":{"line":174,"column":5},"end":{"line":174,"column":14}},{"start":{"line":174,"column":18},"end":{"line":174,"column":46}}]},"38":{"line":178,"type":"if","locations":[{"start":{"line":178,"column":2},"end":{"line":178,"column":2}},{"start":{"line":178,"column":2},"end":{"line":178,"column":2}}]},"39":{"line":184,"type":"if","locations":[{"start":{"line":184,"column":1},"end":{"line":184,"column":1}},{"start":{"line":184,"column":1},"end":{"line":184,"column":1}}]},"40":{"line":185,"type":"if","locations":[{"start":{"line":185,"column":2},"end":{"line":185,"column":2}},{"start":{"line":185,"column":2},"end":{"line":185,"column":2}}]},"41":{"line":185,"type":"binary-expr","locations":[{"start":{"line":185,"column":5},"end":{"line":185,"column":14}},{"start":{"line":185,"column":18},"end":{"line":185,"column":50}}]},"42":{"line":189,"type":"if","locations":[{"start":{"line":189,"column":2},"end":{"line":189,"column":2}},{"start":{"line":189,"column":2},"end":{"line":189,"column":2}}]},"43":{"line":195,"type":"if","locations":[{"start":{"line":195,"column":1},"end":{"line":195,"column":1}},{"start":{"line":195,"column":1},"end":{"line":195,"column":1}}]},"44":{"line":196,"type":"if","locations":[{"start":{"line":196,"column":2},"end":{"line":196,"column":2}},{"start":{"line":196,"column":2},"end":{"line":196,"column":2}}]},"45":{"line":196,"type":"binary-expr","locations":[{"start":{"line":196,"column":5},"end":{"line":196,"column":14}},{"start":{"line":196,"column":18},"end":{"line":196,"column":52}}]},"46":{"line":200,"type":"if","locations":[{"start":{"line":200,"column":2},"end":{"line":200,"column":2}},{"start":{"line":200,"column":2},"end":{"line":200,"column":2}}]},"47":{"line":200,"type":"binary-expr","locations":[{"start":{"line":200,"column":5},"end":{"line":200,"column":14}},{"start":{"line":200,"column":18},"end":{"line":200,"column":48}}]},"48":{"line":209,"type":"if","locations":[{"start":{"line":209,"column":1},"end":{"line":209,"column":1}},{"start":{"line":209,"column":1},"end":{"line":209,"column":1}}]},"49":{"line":221,"type":"if","locations":[{"start":{"line":221,"column":3},"end":{"line":221,"column":3}},{"start":{"line":221,"column":3},"end":{"line":221,"column":3}}]},"50":{"line":221,"type":"binary-expr","locations":[{"start":{"line":221,"column":8},"end":{"line":223,"column":30}},{"start":{"line":225,"column":5},"end":{"line":227,"column":30}}]},"51":{"line":221,"type":"cond-expr","locations":[{"start":{"line":222,"column":6},"end":{"line":222,"column":29}},{"start":{"line":223,"column":6},"end":{"line":223,"column":29}}]},"52":{"line":225,"type":"cond-expr","locations":[{"start":{"line":226,"column":6},"end":{"line":226,"column":29}},{"start":{"line":227,"column":6},"end":{"line":227,"column":29}}]},"53":{"line":254,"type":"if","locations":[{"start":{"line":254,"column":2},"end":{"line":254,"column":2}},{"start":{"line":254,"column":2},"end":{"line":254,"column":2}}]},"54":{"line":254,"type":"binary-expr","locations":[{"start":{"line":254,"column":6},"end":{"line":254,"column":27}},{"start":{"line":255,"column":3},"end":{"line":255,"column":22}},{"start":{"line":256,"column":3},"end":{"line":256,"column":45}},{"start":{"line":257,"column":3},"end":{"line":257,"column":46}}]},"55":{"line":263,"type":"if","locations":[{"start":{"line":263,"column":1},"end":{"line":263,"column":1}},{"start":{"line":263,"column":1},"end":{"line":263,"column":1}}]}},"l":{"3":1,"35":1,"36":0,"37":0,"38":0,"41":0,"44":1,"45":0,"46":0,"49":1,"50":0,"51":0,"52":0,"53":0,"54":0,"55":0,"57":0,"60":1,"61":1,"63":1,"64":0,"65":0,"67":0,"70":1,"71":0,"80":1,"81":0,"83":0,"84":0,"85":0,"86":0,"87":0,"88":0,"92":0,"93":0,"94":0,"95":0,"99":0,"102":1,"103":0,"107":0,"110":0,"113":1,"114":1,"115":0,"123":1,"124":0,"125":0,"128":0,"129":0,"130":0,"131":0,"133":0,"136":0,"137":0,"138":0,"139":0,"141":0,"144":0,"145":0,"146":0,"147":0,"148":0,"150":0,"153":0,"156":0,"157":0,"158":0,"159":0,"162":0,"163":0,"164":0,"167":0,"168":0,"173":0,"174":0,"175":0,"178":0,"179":0,"184":0,"185":0,"186":0,"189":0,"190":0,"195":0,"196":0,"197":0,"200":0,"201":0,"205":0,"208":1,"209":0,"210":0,"217":0,"218":0,"221":0,"230":0,"234":0,"237":0,"240":1,"241":0,"247":0,"251":0,"252":0,"254":0,"258":0,"260":0,"263":0,"264":0,"265":0,"266":0,"267":0,"268":0,"271":0,"274":0}}}
